#! /opt/homebrew/Cellar/icarus-verilog/12.0/bin/vvp
:ivl_version "12.0 (stable)";
:ivl_delay_selection "TYPICAL";
:vpi_time_precision + 0;
:vpi_module "/opt/homebrew/Cellar/icarus-verilog/12.0/lib/ivl/system.vpi";
:vpi_module "/opt/homebrew/Cellar/icarus-verilog/12.0/lib/ivl/vhdl_sys.vpi";
:vpi_module "/opt/homebrew/Cellar/icarus-verilog/12.0/lib/ivl/vhdl_textio.vpi";
:vpi_module "/opt/homebrew/Cellar/icarus-verilog/12.0/lib/ivl/v2005_math.vpi";
:vpi_module "/opt/homebrew/Cellar/icarus-verilog/12.0/lib/ivl/va_math.vpi";
:vpi_module "/opt/homebrew/Cellar/icarus-verilog/12.0/lib/ivl/v2009.vpi";
S_0x133804ff0 .scope package, "$unit" "$unit" 2 1;
 .timescale 0 0;
S_0x133805160 .scope module, "testbench" "testbench" 3 1;
 .timescale 0 0;
P_0x1338052d0 .param/l "N" 1 3 3, +C4<00000000000000000000000000001000>;
P_0x133805310 .param/l "S" 1 3 3, +C4<00000000000000000000000000000011>;
v0x133819d60_0 .var/s "a", 7 0;
v0x133819e80 .array "res", 3 0;
v0x133819e80_0 .net/s v0x133819e80 0, 7 0, L_0x13381a110; 1 drivers
v0x133819e80_1 .net/s v0x133819e80 1, 7 0, L_0x13381a780; 1 drivers
v0x133819e80_2 .net/s v0x133819e80 2, 7 0, v0x1338170a0_0; 1 drivers
v0x133819e80_3 .net/s v0x133819e80 3, 7 0, L_0x13381adf0; 1 drivers
S_0x133805410 .scope begin, "$ivl_for_loop1" "$ivl_for_loop1" 3 29, 3 29 0, S_0x133805160;
 .timescale 0 0;
v0x133805580_0 .var/2s "i", 31 0;
S_0x133815620 .scope begin, "$ivl_for_loop2" "$ivl_for_loop2" 3 34, 3 34 0, S_0x133805160;
 .timescale 0 0;
v0x1338157f0_0 .var/2s "i", 31 0;
S_0x133815880 .scope module, "i4" "arithmetic_right_shift_of_N_by_S_using_arithmetic_right_shift_operation" 3 8, 4 5 0, S_0x133805160;
 .timescale 0 0;
    .port_info 0 /INPUT 8 "a";
    .port_info 1 /OUTPUT 8 "res";
P_0x133815a60 .param/l "N" 0 4 6, +C4<00000000000000000000000000001000>;
P_0x133815aa0 .param/l "S" 0 4 6, +C4<00000000000000000000000000000011>;
L_0x133819f80 .functor BUFZ 8, v0x133819d60_0, C4<00000000>, C4<00000000>, C4<00000000>;
v0x133815c50_0 .net *"_ivl_4", 4 0, L_0x13381a010;  1 drivers
v0x133815d10_0 .net "a", 7 0, v0x133819d60_0;  1 drivers
v0x133815db0_0 .net/s "as", 7 0, L_0x133819f80;  1 drivers
v0x133815e40_0 .net "res", 7 0, L_0x13381a110;  alias, 1 drivers
L_0x13381a010 .part L_0x133819f80, 3, 5;
L_0x13381a110 .extend/s 8, L_0x13381a010;
S_0x133815ee0 .scope module, "i5" "arithmetic_right_shift_of_N_by_S_using_concatenation" 3 11, 4 18 0, S_0x133805160;
 .timescale 0 0;
    .port_info 0 /INPUT 8 "a";
    .port_info 1 /OUTPUT 8 "res";
P_0x1338160a0 .param/l "N" 0 4 19, +C4<00000000000000000000000000001000>;
P_0x1338160e0 .param/l "S" 0 4 19, +C4<00000000000000000000000000000011>;
v0x133816290_0 .net *"_ivl_1", 0 0, L_0x13381a230;  1 drivers
v0x133816350_0 .net *"_ivl_11", 4 0, L_0x13381a4d0;  1 drivers
v0x1338163f0_0 .net *"_ivl_12", 7 0, L_0x13381a690;  1 drivers
L_0x128050010 .functor BUFT 1, C4<111>, C4<0>, C4<0>, C4<0>;
v0x133816480_0 .net/2u *"_ivl_2", 2 0, L_0x128050010;  1 drivers
v0x133816510_0 .net *"_ivl_5", 4 0, L_0x13381a2d0;  1 drivers
v0x1338165e0_0 .net *"_ivl_6", 7 0, L_0x13381a370;  1 drivers
L_0x128050058 .functor BUFT 1, C4<000>, C4<0>, C4<0>, C4<0>;
v0x133816690_0 .net/2u *"_ivl_8", 2 0, L_0x128050058;  1 drivers
v0x133816740_0 .net "a", 7 0, v0x133819d60_0;  alias, 1 drivers
v0x1338167e0_0 .net "res", 7 0, L_0x13381a780;  alias, 1 drivers
L_0x13381a230 .part v0x133819d60_0, 7, 1;
L_0x13381a2d0 .part v0x133819d60_0, 3, 5;
L_0x13381a370 .concat [ 5 3 0 0], L_0x13381a2d0, L_0x128050010;
L_0x13381a4d0 .part v0x133819d60_0, 3, 5;
L_0x13381a690 .concat [ 5 3 0 0], L_0x13381a4d0, L_0x128050058;
L_0x13381a780 .functor MUXZ 8, L_0x13381a690, L_0x13381a370, L_0x13381a230, C4<>;
S_0x133816930 .scope module, "i6" "arithmetic_right_shift_of_N_by_S_using_for_inside_always" 3 14, 4 32 0, S_0x133805160;
 .timescale 0 0;
    .port_info 0 /INPUT 8 "a";
    .port_info 1 /OUTPUT 8 "res";
P_0x133816af0 .param/l "N" 0 4 33, +C4<00000000000000000000000000001000>;
P_0x133816b30 .param/l "S" 0 4 33, +C4<00000000000000000000000000000011>;
v0x133816fb0_0 .net "a", 7 0, v0x133819d60_0;  alias, 1 drivers
v0x1338170a0_0 .var "res", 7 0;
E_0x133816cc0 .event anyedge, v0x133815d10_0, v0x133815d10_0;
S_0x133816d20 .scope begin, "$ivl_for_loop0" "$ivl_for_loop0" 4 36, 4 36 0, S_0x133816930;
 .timescale 0 0;
v0x133816ef0_0 .var/2s "i", 31 0;
S_0x133817130 .scope module, "i7" "arithmetic_right_shift_of_N_by_S_using_for_inside_generate" 3 17, 4 55 0, S_0x133805160;
 .timescale 0 0;
    .port_info 0 /INPUT 8 "a";
    .port_info 1 /OUTPUT 8 "res";
P_0x1338172a0 .param/l "N" 0 4 56, +C4<00000000000000000000000000001000>;
P_0x1338172e0 .param/l "S" 0 4 56, +C4<00000000000000000000000000000011>;
v0x133819bd0_0 .net "a", 7 0, v0x133819d60_0;  alias, 1 drivers
v0x133819c80_0 .net "res", 7 0, L_0x13381adf0;  alias, 1 drivers
L_0x13381a920 .part v0x133819d60_0, 3, 1;
L_0x13381a9c0 .part v0x133819d60_0, 4, 1;
L_0x13381aa60 .part v0x133819d60_0, 5, 1;
L_0x13381ab00 .part v0x133819d60_0, 6, 1;
L_0x13381aba0 .part v0x133819d60_0, 7, 1;
L_0x13381ac70 .part v0x133819d60_0, 7, 1;
L_0x13381ad10 .part v0x133819d60_0, 7, 1;
LS_0x13381adf0_0_0 .concat8 [ 1 1 1 1], L_0x13381a920, L_0x13381a9c0, L_0x13381aa60, L_0x13381ab00;
LS_0x13381adf0_0_4 .concat8 [ 1 1 1 1], L_0x13381aba0, L_0x13381ac70, L_0x13381ad10, L_0x13381b0e0;
L_0x13381adf0 .concat8 [ 4 4 0 0], LS_0x13381adf0_0_0, LS_0x13381adf0_0_4;
L_0x13381b0e0 .part v0x133819d60_0, 7, 1;
S_0x133817490 .scope generate, "genblk1[0]" "genblk1[0]" 4 60, 4 60 0, S_0x133817130;
 .timescale 0 0;
P_0x133817670 .param/l "i" 1 4 60, +C4<00>;
S_0x133817710 .scope generate, "genblk1" "genblk1" 4 61, 4 61 0, S_0x133817490;
 .timescale 0 0;
v0x133817880_0 .net *"_ivl_0", 0 0, L_0x13381a920;  1 drivers
S_0x133817910 .scope generate, "genblk1[1]" "genblk1[1]" 4 60, 4 60 0, S_0x133817130;
 .timescale 0 0;
P_0x133817af0 .param/l "i" 1 4 60, +C4<01>;
S_0x133817b80 .scope generate, "genblk1" "genblk1" 4 61, 4 61 0, S_0x133817910;
 .timescale 0 0;
v0x133817d40_0 .net *"_ivl_0", 0 0, L_0x13381a9c0;  1 drivers
S_0x133817e00 .scope generate, "genblk1[2]" "genblk1[2]" 4 60, 4 60 0, S_0x133817130;
 .timescale 0 0;
P_0x133817ff0 .param/l "i" 1 4 60, +C4<010>;
S_0x133818080 .scope generate, "genblk1" "genblk1" 4 61, 4 61 0, S_0x133817e00;
 .timescale 0 0;
v0x133818240_0 .net *"_ivl_0", 0 0, L_0x13381aa60;  1 drivers
S_0x133818300 .scope generate, "genblk1[3]" "genblk1[3]" 4 60, 4 60 0, S_0x133817130;
 .timescale 0 0;
P_0x1338184d0 .param/l "i" 1 4 60, +C4<011>;
S_0x133818570 .scope generate, "genblk1" "genblk1" 4 61, 4 61 0, S_0x133818300;
 .timescale 0 0;
v0x133818730_0 .net *"_ivl_0", 0 0, L_0x13381ab00;  1 drivers
S_0x1338187f0 .scope generate, "genblk1[4]" "genblk1[4]" 4 60, 4 60 0, S_0x133817130;
 .timescale 0 0;
P_0x133818a00 .param/l "i" 1 4 60, +C4<0100>;
S_0x133818aa0 .scope generate, "genblk1" "genblk1" 4 61, 4 61 0, S_0x1338187f0;
 .timescale 0 0;
v0x133818c60_0 .net *"_ivl_0", 0 0, L_0x13381aba0;  1 drivers
S_0x133818d00 .scope generate, "genblk1[5]" "genblk1[5]" 4 60, 4 60 0, S_0x133817130;
 .timescale 0 0;
P_0x133818ed0 .param/l "i" 1 4 60, +C4<0101>;
S_0x133818f70 .scope generate, "genblk1" "genblk1" 4 61, 4 61 0, S_0x133818d00;
 .timescale 0 0;
v0x133819130_0 .net *"_ivl_0", 0 0, L_0x13381ac70;  1 drivers
S_0x1338191f0 .scope generate, "genblk1[6]" "genblk1[6]" 4 60, 4 60 0, S_0x133817130;
 .timescale 0 0;
P_0x1338193c0 .param/l "i" 1 4 60, +C4<0110>;
S_0x133819460 .scope generate, "genblk1" "genblk1" 4 61, 4 61 0, S_0x1338191f0;
 .timescale 0 0;
v0x133819620_0 .net *"_ivl_0", 0 0, L_0x13381ad10;  1 drivers
S_0x1338196e0 .scope generate, "genblk1[7]" "genblk1[7]" 4 60, 4 60 0, S_0x133817130;
 .timescale 0 0;
P_0x1338198b0 .param/l "i" 1 4 60, +C4<0111>;
S_0x133819950 .scope generate, "genblk1" "genblk1" 4 61, 4 61 0, S_0x1338196e0;
 .timescale 0 0;
v0x133819b10_0 .net *"_ivl_0", 0 0, L_0x13381b0e0;  1 drivers
    .scope S_0x133816930;
T_0 ;
Ewait_0 .event/or E_0x133816cc0, E_0x0;
    %wait Ewait_0;
    %fork t_1, S_0x133816d20;
    %jmp t_0;
    .scope S_0x133816d20;
t_1 ;
    %pushi/vec4 0, 0, 32;
    %store/vec4 v0x133816ef0_0, 0, 32;
T_0.0 ;
    %load/vec4 v0x133816ef0_0;
    %cmpi/s 8, 0, 32;
    %jmp/0xz T_0.1, 5;
    %load/vec4 v0x133816ef0_0;
    %cmpi/s 5, 0, 32;
    %jmp/0xz  T_0.2, 5;
    %load/vec4 v0x133816fb0_0;
    %load/vec4 v0x133816ef0_0;
    %addi 3, 0, 32;
    %part/s 1;
    %ix/getv/s 4, v0x133816ef0_0;
    %store/vec4 v0x1338170a0_0, 4, 1;
    %jmp T_0.3;
T_0.2 ;
    %load/vec4 v0x133816fb0_0;
    %parti/s 1, 7, 4;
    %ix/getv/s 4, v0x133816ef0_0;
    %store/vec4 v0x1338170a0_0, 4, 1;
T_0.3 ;
    ; show_stmt_assign_vector: Get l-value for compressed += operand
    %load/vec4 v0x133816ef0_0;
    %pushi/vec4 1, 0, 32;
    %add;
    %cast2;
    %store/vec4 v0x133816ef0_0, 0, 32;
    %jmp T_0.0;
T_0.1 ;
    %end;
    .scope S_0x133816930;
t_0 %join;
    %jmp T_0;
    .thread T_0, $push;
    .scope S_0x133805160;
T_1 ;
    %vpi_call/w 3 21 "$dumpvars" {0 0 0};
    %pushi/vec4 20, 0, 32;
T_1.0 %dup/vec4;
    %pushi/vec4 0, 0, 32;
    %cmp/s;
    %jmp/1xz T_1.1, 5;
    %jmp/1 T_1.1, 4;
    %pushi/vec4 1, 0, 32;
    %sub;
    %vpi_func 3 24 "$urandom" 32 {0 0 0};
    %pad/u 8;
    %store/vec4 v0x133819d60_0, 0, 8;
    %delay 1, 0;
    %vpi_call/w 3 27 "$write", "TEST %d %b", v0x133819d60_0, v0x133819d60_0 {0 0 0};
    %fork t_3, S_0x133805410;
    %jmp t_2;
    .scope S_0x133805410;
t_3 ;
    %pushi/vec4 0, 0, 32;
    %store/vec4 v0x133805580_0, 0, 32;
T_1.2 ;
    %load/vec4 v0x133805580_0;
    %cmpi/s 4, 0, 32;
    %jmp/0xz T_1.3, 5;
    %vpi_call/w 3 30 "$write", " %d %b", &A<v0x133819e80, v0x133805580_0 >, &A<v0x133819e80, v0x133805580_0 > {0 0 0};
    ; show_stmt_assign_vector: Get l-value for compressed += operand
    %load/vec4 v0x133805580_0;
    %pushi/vec4 1, 0, 32;
    %add;
    %cast2;
    %store/vec4 v0x133805580_0, 0, 32;
    %jmp T_1.2;
T_1.3 ;
    %end;
    .scope S_0x133805160;
t_2 %join;
    %vpi_call/w 3 32 "$display" {0 0 0};
    %fork t_5, S_0x133815620;
    %jmp t_4;
    .scope S_0x133815620;
t_5 ;
    %pushi/vec4 1, 0, 32;
    %store/vec4 v0x1338157f0_0, 0, 32;
T_1.4 ;
    %load/vec4 v0x1338157f0_0;
    %cmpi/s 4, 0, 32;
    %jmp/0xz T_1.5, 5;
    %ix/getv/s 4, v0x1338157f0_0;
    %load/vec4a v0x133819e80, 4;
    %ix/load 4, 0, 0;
    %flag_set/imm 4, 0;
    %load/vec4a v0x133819e80, 4;
    %cmp/ne;
    %jmp/0xz  T_1.6, 6;
    %vpi_call/w 3 37 "$display", "FAIL %s. EXPECTED %d %b", "testbench.sv", v0x133819e80_0, v0x133819e80_0 {0 0 0};
    %vpi_call/w 3 40 "$finish" {0 0 0};
T_1.6 ;
    ; show_stmt_assign_vector: Get l-value for compressed += operand
    %load/vec4 v0x1338157f0_0;
    %pushi/vec4 1, 0, 32;
    %add;
    %cast2;
    %store/vec4 v0x1338157f0_0, 0, 32;
    %jmp T_1.4;
T_1.5 ;
    %end;
    .scope S_0x133805160;
t_4 %join;
    %jmp T_1.0;
T_1.1 ;
    %pop/vec4 1;
    %vpi_call/w 3 54 "$display", "PASS %s", "testbench.sv" {0 0 0};
    %vpi_call/w 3 55 "$finish" {0 0 0};
    %end;
    .thread T_1;
# The file index is used to find the file name in the following table.
:file_names 5;
    "N/A";
    "<interactive>";
    "-";
    "testbench.sv";
    "04_06_arithmetic_shift_or_signed_divide_by_power_of_2.sv";
