#! /opt/homebrew/Cellar/icarus-verilog/12.0/bin/vvp
:ivl_version "12.0 (stable)";
:ivl_delay_selection "TYPICAL";
:vpi_time_precision + 0;
:vpi_module "/opt/homebrew/Cellar/icarus-verilog/12.0/lib/ivl/system.vpi";
:vpi_module "/opt/homebrew/Cellar/icarus-verilog/12.0/lib/ivl/vhdl_sys.vpi";
:vpi_module "/opt/homebrew/Cellar/icarus-verilog/12.0/lib/ivl/vhdl_textio.vpi";
:vpi_module "/opt/homebrew/Cellar/icarus-verilog/12.0/lib/ivl/v2005_math.vpi";
:vpi_module "/opt/homebrew/Cellar/icarus-verilog/12.0/lib/ivl/va_math.vpi";
:vpi_module "/opt/homebrew/Cellar/icarus-verilog/12.0/lib/ivl/v2009.vpi";
S_0x12ae1ee10 .scope package, "$unit" "$unit" 2 1;
 .timescale 0 0;
S_0x12ae22c20 .scope module, "testbench" "testbench" 3 1;
 .timescale 0 0;
P_0x12ae240f0 .param/l "n" 1 3 3, +C4<00000000000000000000000000000100>;
P_0x12ae24130 .param/l "smax" 1 3 60, +C4<0111>;
P_0x12ae24170 .param/l "smin" 1 3 59, +C4<1000>;
P_0x12ae241b0 .param/l "umax" 1 3 61, C4<1111>;
v0x12ae378b0_0 .var "a", 3 0;
v0x12ae37950_0 .var "b", 3 0;
v0x12ae379f0_0 .net "res", 7 0, L_0x12ae39810;  1 drivers
v0x12ae37ac0_0 .var/s "sa", 3 0;
v0x12ae37b60_0 .var/s "sb", 3 0;
v0x12ae37c50_0 .var "signed_mul", 0 0;
v0x12ae37ce0_0 .var/s "sres", 7 0;
v0x12ae37d80_0 .net "t_res", 7 0, L_0x12ae384b0;  1 drivers
v0x12ae37e40_0 .net/s "t_sres", 7 0, L_0x12ae381b0;  1 drivers
S_0x12ae1dd10 .scope begin, "$ivl_for_loop0" "$ivl_for_loop0" 3 66, 3 66 0, S_0x12ae22c20;
 .timescale 0 0;
v0x12ae34ad0_0 .var/2s "i", 31 0;
S_0x12ae08920 .scope begin, "$ivl_for_loop1" "$ivl_for_loop1" 3 67, 3 67 0, S_0x12ae1dd10;
 .timescale 0 0;
v0x12ae1f6c0_0 .var/2s "j", 31 0;
S_0x12ae34b90 .scope begin, "$ivl_for_loop2" "$ivl_for_loop2" 3 70, 3 70 0, S_0x12ae22c20;
 .timescale 0 0;
v0x12ae34fc0_0 .var/2s "i", 31 0;
S_0x12ae34d60 .scope begin, "$ivl_for_loop3" "$ivl_for_loop3" 3 71, 3 71 0, S_0x12ae34b90;
 .timescale 0 0;
v0x12ae34f20_0 .var/2s "j", 31 0;
S_0x12ae35080 .scope module, "i_signed_mul_4" "signed_mul_4" 3 15, 4 9 0, S_0x12ae22c20;
 .timescale 0 0;
    .port_info 0 /INPUT 4 "a";
    .port_info 1 /INPUT 4 "b";
    .port_info 2 /OUTPUT 8 "res";
v0x12ae352d0_0 .net/s *"_ivl_0", 7 0, L_0x12ae37f70;  1 drivers
v0x12ae35380_0 .net/s *"_ivl_2", 7 0, L_0x12ae38090;  1 drivers
v0x12ae35430_0 .net/s "a", 3 0, v0x12ae378b0_0;  1 drivers
v0x12ae354f0_0 .net/s "b", 3 0, v0x12ae37950_0;  1 drivers
v0x12ae355a0_0 .net/s "res", 7 0, L_0x12ae381b0;  alias, 1 drivers
L_0x12ae37f70 .extend/s 8, v0x12ae378b0_0;
L_0x12ae38090 .extend/s 8, v0x12ae37950_0;
L_0x12ae381b0 .arith/mult 8, L_0x12ae37f70, L_0x12ae38090;
S_0x12ae356c0 .scope module, "i_signed_or_unsigned_mul" "signed_or_unsigned_mul" 3 21, 4 46 0, S_0x12ae22c20;
 .timescale 0 0;
    .port_info 0 /INPUT 4 "a";
    .port_info 1 /INPUT 4 "b";
    .port_info 2 /INPUT 1 "signed_mul";
    .port_info 3 /OUTPUT 8 "res";
P_0x12ae35880 .param/l "n" 0 4 48, +C4<00000000000000000000000000000100>;
L_0x12ae38750 .functor NOT 4, v0x12ae378b0_0, C4<0000>, C4<0000>, C4<0000>;
L_0x12ae38c20 .functor NOT 4, v0x12ae37950_0, C4<0000>, C4<0000>, C4<0000>;
L_0x12ae394a0 .functor XOR 1, L_0x12ae38610, L_0x12ae386b0, C4<0>, C4<0>;
L_0x12ae39510 .functor NOT 8, L_0x12ae39320, C4<00000000>, C4<00000000>, C4<00000000>;
v0x12ae35a00_0 .net *"_ivl_10", 3 0, L_0x12ae38960;  1 drivers
v0x12ae35ac0_0 .net *"_ivl_14", 3 0, L_0x12ae38c20;  1 drivers
L_0x1300780e8 .functor BUFT 1, C4<0001>, C4<0>, C4<0>, C4<0>;
v0x12ae35b60_0 .net/2u *"_ivl_16", 3 0, L_0x1300780e8;  1 drivers
v0x12ae35bf0_0 .net *"_ivl_18", 3 0, L_0x12ae38c90;  1 drivers
v0x12ae35c80_0 .net *"_ivl_20", 3 0, L_0x12ae38dd0;  1 drivers
v0x12ae35d50_0 .net *"_ivl_24", 7 0, L_0x12ae390d0;  1 drivers
L_0x130078130 .functor BUFT 1, C4<0000>, C4<0>, C4<0>, C4<0>;
v0x12ae35e00_0 .net *"_ivl_27", 3 0, L_0x130078130;  1 drivers
v0x12ae35eb0_0 .net *"_ivl_28", 7 0, L_0x12ae39200;  1 drivers
L_0x130078178 .functor BUFT 1, C4<0000>, C4<0>, C4<0>, C4<0>;
v0x12ae35f60_0 .net *"_ivl_31", 3 0, L_0x130078178;  1 drivers
v0x12ae36070_0 .net *"_ivl_34", 0 0, L_0x12ae394a0;  1 drivers
v0x12ae36120_0 .net *"_ivl_36", 7 0, L_0x12ae39510;  1 drivers
L_0x1300781c0 .functor BUFT 1, C4<00000001>, C4<0>, C4<0>, C4<0>;
v0x12ae361d0_0 .net/2u *"_ivl_38", 7 0, L_0x1300781c0;  1 drivers
v0x12ae36280_0 .net *"_ivl_4", 3 0, L_0x12ae38750;  1 drivers
v0x12ae36330_0 .net *"_ivl_40", 7 0, L_0x12ae39580;  1 drivers
v0x12ae363e0_0 .net *"_ivl_42", 7 0, L_0x12ae396c0;  1 drivers
L_0x1300780a0 .functor BUFT 1, C4<0001>, C4<0>, C4<0>, C4<0>;
v0x12ae36490_0 .net/2u *"_ivl_6", 3 0, L_0x1300780a0;  1 drivers
v0x12ae36540_0 .net *"_ivl_8", 3 0, L_0x12ae38800;  1 drivers
v0x12ae366d0_0 .net "a", 3 0, v0x12ae378b0_0;  alias, 1 drivers
v0x12ae36780_0 .net "abs_a", 3 0, L_0x12ae38b80;  1 drivers
v0x12ae36810_0 .net "abs_b", 3 0, L_0x12ae39030;  1 drivers
v0x12ae368a0_0 .net "b", 3 0, v0x12ae37950_0;  alias, 1 drivers
v0x12ae36930_0 .net "res", 7 0, L_0x12ae39810;  alias, 1 drivers
v0x12ae369c0_0 .net "sign_a", 0 0, L_0x12ae38610;  1 drivers
v0x12ae36a50_0 .net "sign_b", 0 0, L_0x12ae386b0;  1 drivers
v0x12ae36ae0_0 .net "signed_mul", 0 0, v0x12ae37c50_0;  1 drivers
v0x12ae36b80_0 .net "unsigned_product", 7 0, L_0x12ae39320;  1 drivers
L_0x12ae38610 .part v0x12ae378b0_0, 3, 1;
L_0x12ae386b0 .part v0x12ae37950_0, 3, 1;
L_0x12ae38800 .arith/sum 4, L_0x12ae38750, L_0x1300780a0;
L_0x12ae38960 .functor MUXZ 4, v0x12ae378b0_0, L_0x12ae38800, L_0x12ae38610, C4<>;
L_0x12ae38b80 .functor MUXZ 4, v0x12ae378b0_0, L_0x12ae38960, v0x12ae37c50_0, C4<>;
L_0x12ae38c90 .arith/sum 4, L_0x12ae38c20, L_0x1300780e8;
L_0x12ae38dd0 .functor MUXZ 4, v0x12ae37950_0, L_0x12ae38c90, L_0x12ae386b0, C4<>;
L_0x12ae39030 .functor MUXZ 4, v0x12ae37950_0, L_0x12ae38dd0, v0x12ae37c50_0, C4<>;
L_0x12ae390d0 .concat [ 4 4 0 0], L_0x12ae38b80, L_0x130078130;
L_0x12ae39200 .concat [ 4 4 0 0], L_0x12ae39030, L_0x130078178;
L_0x12ae39320 .arith/mult 8, L_0x12ae390d0, L_0x12ae39200;
L_0x12ae39580 .arith/sum 8, L_0x12ae39510, L_0x1300781c0;
L_0x12ae396c0 .functor MUXZ 8, L_0x12ae39320, L_0x12ae39580, L_0x12ae394a0, C4<>;
L_0x12ae39810 .functor MUXZ 8, L_0x12ae39320, L_0x12ae396c0, v0x12ae37c50_0, C4<>;
S_0x12ae36c90 .scope module, "i_unsigned_mul" "unsigned_mul" 3 18, 4 23 0, S_0x12ae22c20;
 .timescale 0 0;
    .port_info 0 /INPUT 4 "a";
    .port_info 1 /INPUT 4 "b";
    .port_info 2 /OUTPUT 8 "res";
P_0x12ae36e90 .param/l "n" 0 4 25, +C4<00000000000000000000000000000100>;
v0x12ae36fe0_0 .net *"_ivl_0", 7 0, L_0x12ae38290;  1 drivers
L_0x130078010 .functor BUFT 1, C4<0000>, C4<0>, C4<0>, C4<0>;
v0x12ae370a0_0 .net *"_ivl_3", 3 0, L_0x130078010;  1 drivers
v0x12ae37140_0 .net *"_ivl_4", 7 0, L_0x12ae38390;  1 drivers
L_0x130078058 .functor BUFT 1, C4<0000>, C4<0>, C4<0>, C4<0>;
v0x12ae371d0_0 .net *"_ivl_7", 3 0, L_0x130078058;  1 drivers
v0x12ae37260_0 .net "a", 3 0, v0x12ae378b0_0;  alias, 1 drivers
v0x12ae37370_0 .net "b", 3 0, v0x12ae37950_0;  alias, 1 drivers
v0x12ae37440_0 .net "res", 7 0, L_0x12ae384b0;  alias, 1 drivers
L_0x12ae38290 .concat [ 4 4 0 0], v0x12ae378b0_0, L_0x130078010;
L_0x12ae38390 .concat [ 4 4 0 0], v0x12ae37950_0, L_0x130078058;
L_0x12ae384b0 .arith/mult 8, L_0x12ae38290, L_0x12ae38390;
S_0x12ae374e0 .scope task, "test" "test" 3 24, 3 24 0, S_0x12ae22c20;
 .timescale 0 0;
v0x12ae376a0_0 .var "t_a", 3 0;
v0x12ae37760_0 .var "t_b", 3 0;
v0x12ae37800_0 .var "t_signed_mul", 0 0;
TD_testbench.test ;
    %load/vec4 v0x12ae376a0_0;
    %load/vec4 v0x12ae37760_0;
    %concat/vec4; draw_concat_vec4
    %load/vec4 v0x12ae37800_0;
    %concat/vec4; draw_concat_vec4
    %split/vec4 1;
    %store/vec4 v0x12ae37c50_0, 0, 1;
    %split/vec4 4;
    %store/vec4 v0x12ae37950_0, 0, 4;
    %store/vec4 v0x12ae378b0_0, 0, 4;
    %delay 1, 0;
    %load/vec4 v0x12ae378b0_0;
    %load/vec4 v0x12ae37950_0;
    %concat/vec4; draw_concat_vec4
    %load/vec4 v0x12ae379f0_0;
    %concat/vec4; draw_concat_vec4
    %split/vec4 8;
    %store/vec4 v0x12ae37ce0_0, 0, 8;
    %split/vec4 4;
    %store/vec4 v0x12ae37b60_0, 0, 4;
    %store/vec4 v0x12ae37ac0_0, 0, 4;
    %load/vec4 v0x12ae37c50_0;
    %flag_set/vec4 8;
    %jmp/0xz  T_0.0, 8;
    %vpi_call/w 3 38 "$display", "TEST   signed %d * %d = %d", v0x12ae37ac0_0, v0x12ae37b60_0, v0x12ae37ce0_0 {0 0 0};
    %load/vec4 v0x12ae37ce0_0;
    %load/vec4 v0x12ae37e40_0;
    %cmp/ne;
    %jmp/0xz  T_0.2, 6;
    %vpi_call/w 3 42 "$display", "FAIL %s: %d EXPECTED", "testbench.sv", v0x12ae37e40_0 {0 0 0};
    %vpi_call/w 3 43 "$finish" {0 0 0};
T_0.2 ;
    %jmp T_0.1;
T_0.0 ;
    %vpi_call/w 3 48 "$display", "TEST unsigned %d * %d = %d", v0x12ae378b0_0, v0x12ae37950_0, v0x12ae379f0_0 {0 0 0};
    %load/vec4 v0x12ae379f0_0;
    %load/vec4 v0x12ae37d80_0;
    %cmp/ne;
    %jmp/0xz  T_0.4, 6;
    %vpi_call/w 3 52 "$display", "FAIL %s: %d EXPECTED", "testbench.sv", v0x12ae37d80_0 {0 0 0};
    %vpi_call/w 3 53 "$finish" {0 0 0};
T_0.4 ;
T_0.1 ;
    %end;
    .scope S_0x12ae22c20;
T_1 ;
    %vpi_call/w 3 65 "$dumpvars" {0 0 0};
    %fork t_1, S_0x12ae1dd10;
    %jmp t_0;
    .scope S_0x12ae1dd10;
t_1 ;
    %pushi/vec4 0, 0, 32;
    %store/vec4 v0x12ae34ad0_0, 0, 32;
T_1.0 ;
    %load/vec4 v0x12ae34ad0_0;
    %cmpi/u 15, 0, 32;
    %flag_or 5, 4;
    %jmp/0xz T_1.1, 5;
    %fork t_3, S_0x12ae08920;
    %jmp t_2;
    .scope S_0x12ae08920;
t_3 ;
    %pushi/vec4 0, 0, 32;
    %store/vec4 v0x12ae1f6c0_0, 0, 32;
T_1.2 ;
    %load/vec4 v0x12ae1f6c0_0;
    %cmpi/u 15, 0, 32;
    %flag_or 5, 4;
    %jmp/0xz T_1.3, 5;
    %load/vec4 v0x12ae34ad0_0;
    %pad/s 4;
    %store/vec4 v0x12ae376a0_0, 0, 4;
    %load/vec4 v0x12ae1f6c0_0;
    %pad/s 4;
    %store/vec4 v0x12ae37760_0, 0, 4;
    %pushi/vec4 0, 0, 1;
    %store/vec4 v0x12ae37800_0, 0, 1;
    %fork TD_testbench.test, S_0x12ae374e0;
    %join;
    ; show_stmt_assign_vector: Get l-value for compressed += operand
    %load/vec4 v0x12ae1f6c0_0;
    %pushi/vec4 1, 0, 32;
    %add;
    %cast2;
    %store/vec4 v0x12ae1f6c0_0, 0, 32;
    %jmp T_1.2;
T_1.3 ;
    %end;
    .scope S_0x12ae1dd10;
t_2 %join;
    ; show_stmt_assign_vector: Get l-value for compressed += operand
    %load/vec4 v0x12ae34ad0_0;
    %pushi/vec4 1, 0, 32;
    %add;
    %cast2;
    %store/vec4 v0x12ae34ad0_0, 0, 32;
    %jmp T_1.0;
T_1.1 ;
    %end;
    .scope S_0x12ae22c20;
t_0 %join;
    %fork t_5, S_0x12ae34b90;
    %jmp t_4;
    .scope S_0x12ae34b90;
t_5 ;
    %pushi/vec4 4294967288, 0, 32;
    %store/vec4 v0x12ae34fc0_0, 0, 32;
T_1.4 ;
    %load/vec4 v0x12ae34fc0_0;
    %cmpi/s 7, 0, 32;
    %flag_or 5, 4;
    %jmp/0xz T_1.5, 5;
    %fork t_7, S_0x12ae34d60;
    %jmp t_6;
    .scope S_0x12ae34d60;
t_7 ;
    %pushi/vec4 4294967288, 0, 32;
    %store/vec4 v0x12ae34f20_0, 0, 32;
T_1.6 ;
    %load/vec4 v0x12ae34f20_0;
    %cmpi/s 7, 0, 32;
    %flag_or 5, 4;
    %jmp/0xz T_1.7, 5;
    %load/vec4 v0x12ae34fc0_0;
    %pad/s 4;
    %store/vec4 v0x12ae376a0_0, 0, 4;
    %load/vec4 v0x12ae34f20_0;
    %pad/s 4;
    %store/vec4 v0x12ae37760_0, 0, 4;
    %pushi/vec4 1, 0, 1;
    %store/vec4 v0x12ae37800_0, 0, 1;
    %fork TD_testbench.test, S_0x12ae374e0;
    %join;
    ; show_stmt_assign_vector: Get l-value for compressed += operand
    %load/vec4 v0x12ae34f20_0;
    %pushi/vec4 1, 0, 32;
    %add;
    %cast2;
    %store/vec4 v0x12ae34f20_0, 0, 32;
    %jmp T_1.6;
T_1.7 ;
    %end;
    .scope S_0x12ae34b90;
t_6 %join;
    ; show_stmt_assign_vector: Get l-value for compressed += operand
    %load/vec4 v0x12ae34fc0_0;
    %pushi/vec4 1, 0, 32;
    %add;
    %cast2;
    %store/vec4 v0x12ae34fc0_0, 0, 32;
    %jmp T_1.4;
T_1.5 ;
    %end;
    .scope S_0x12ae22c20;
t_4 %join;
    %vpi_call/w 3 74 "$display", "PASS %s", "testbench.sv" {0 0 0};
    %vpi_call/w 3 75 "$finish" {0 0 0};
    %end;
    .thread T_1;
# The file index is used to find the file name in the following table.
:file_names 5;
    "N/A";
    "<interactive>";
    "-";
    "testbench.sv";
    "04_03_signed_or_unsigned_mul.sv";
