#! /opt/homebrew/Cellar/icarus-verilog/12.0/bin/vvp
:ivl_version "12.0 (stable)";
:ivl_delay_selection "TYPICAL";
:vpi_time_precision + 0;
:vpi_module "/opt/homebrew/Cellar/icarus-verilog/12.0/lib/ivl/system.vpi";
:vpi_module "/opt/homebrew/Cellar/icarus-verilog/12.0/lib/ivl/vhdl_sys.vpi";
:vpi_module "/opt/homebrew/Cellar/icarus-verilog/12.0/lib/ivl/vhdl_textio.vpi";
:vpi_module "/opt/homebrew/Cellar/icarus-verilog/12.0/lib/ivl/v2005_math.vpi";
:vpi_module "/opt/homebrew/Cellar/icarus-verilog/12.0/lib/ivl/va_math.vpi";
:vpi_module "/opt/homebrew/Cellar/icarus-verilog/12.0/lib/ivl/v2009.vpi";
S_0x13be0cad0 .scope package, "$unit" "$unit" 2 1;
 .timescale 0 0;
S_0x13be0cc40 .scope module, "testbench" "testbench" 3 1;
 .timescale 0 0;
v0x13be30610_0 .var "a", 7 0;
v0x13be30740_0 .net "resl0", 7 0, L_0x13be30b90;  1 drivers
v0x13be307e0_0 .net "resl1", 7 0, L_0x13be311d0;  1 drivers
v0x13be30890_0 .net "resr0", 7 0, L_0x13be31440;  1 drivers
v0x13be30940_0 .net "resr1", 7 0, L_0x13be319a0;  1 drivers
S_0x13be0a2c0 .scope module, "il0" "circular_left_shift_of_N_by_S_using_bit_slices_and_concatenation" 3 6, 4 5 0, S_0x13be0cc40;
 .timescale 0 0;
    .port_info 0 /INPUT 8 "a";
    .port_info 1 /OUTPUT 8 "res";
P_0x13be0bbb0 .param/l "N" 0 4 6, +C4<00000000000000000000000000001000>;
P_0x13be0bbf0 .param/l "S" 0 4 6, +C4<00000000000000000000000000000011>;
v0x13be1b5e0_0 .net *"_ivl_1", 4 0, L_0x13be30a10;  1 drivers
v0x13be2e7b0_0 .net *"_ivl_3", 2 0, L_0x13be30ad0;  1 drivers
v0x13be2e850_0 .net "a", 7 0, v0x13be30610_0;  1 drivers
v0x13be2e8e0_0 .net "res", 7 0, L_0x13be30b90;  alias, 1 drivers
L_0x13be30a10 .part v0x13be30610_0, 0, 5;
L_0x13be30ad0 .part v0x13be30610_0, 5, 3;
L_0x13be30b90 .concat [ 3 5 0 0], L_0x13be30ad0, L_0x13be30a10;
S_0x13be2e980 .scope module, "il1" "circular_left_shift_of_N_by_S_by_ORing_the_results_of_shift_operations" 3 9, 4 13 0, S_0x13be0cc40;
 .timescale 0 0;
    .port_info 0 /INPUT 8 "a";
    .port_info 1 /OUTPUT 8 "res";
P_0x13be2eb40 .param/l "N" 0 4 14, +C4<00000000000000000000000000001000>;
P_0x13be2eb80 .param/l "S" 0 4 14, +C4<00000000000000000000000000000011>;
L_0x13be311d0 .functor OR 8, L_0x13be30db0, L_0x13be310b0, C4<00000000>, C4<00000000>;
v0x13be2ed30_0 .net *"_ivl_0", 7 0, L_0x13be30db0;  1 drivers
L_0x140078058 .functor BUFT 1, C4<00000>, C4<0>, C4<0>, C4<0>;
v0x13be2edf0_0 .net *"_ivl_10", 4 0, L_0x140078058;  1 drivers
v0x13be2ee90_0 .net *"_ivl_2", 4 0, L_0x13be30d10;  1 drivers
L_0x140078010 .functor BUFT 1, C4<000>, C4<0>, C4<0>, C4<0>;
v0x13be2ef20_0 .net *"_ivl_4", 2 0, L_0x140078010;  1 drivers
v0x13be2efb0_0 .net *"_ivl_6", 7 0, L_0x13be310b0;  1 drivers
v0x13be2f080_0 .net *"_ivl_8", 2 0, L_0x13be30f10;  1 drivers
v0x13be2f130_0 .net "a", 7 0, v0x13be30610_0;  alias, 1 drivers
v0x13be2f1d0_0 .net "res", 7 0, L_0x13be311d0;  alias, 1 drivers
L_0x13be30d10 .part v0x13be30610_0, 0, 5;
L_0x13be30db0 .concat [ 3 5 0 0], L_0x140078010, L_0x13be30d10;
L_0x13be30f10 .part v0x13be30610_0, 5, 3;
L_0x13be310b0 .concat [ 3 5 0 0], L_0x13be30f10, L_0x140078058;
S_0x13be2f2a0 .scope module, "ir0" "circular_right_shift_of_N_by_S_using_bit_slices_and_concatenation" 3 12, 4 25 0, S_0x13be0cc40;
 .timescale 0 0;
    .port_info 0 /INPUT 8 "a";
    .port_info 1 /OUTPUT 8 "res";
P_0x13be2f480 .param/l "N" 0 4 26, +C4<00000000000000000000000000001000>;
P_0x13be2f4c0 .param/l "S" 0 4 26, +C4<00000000000000000000000000000011>;
v0x13be2f670_0 .net *"_ivl_1", 2 0, L_0x13be31300;  1 drivers
v0x13be2f720_0 .net *"_ivl_3", 4 0, L_0x13be313a0;  1 drivers
v0x13be2f7c0_0 .net "a", 7 0, v0x13be30610_0;  alias, 1 drivers
v0x13be2f850_0 .net "res", 7 0, L_0x13be31440;  alias, 1 drivers
L_0x13be31300 .part v0x13be30610_0, 0, 3;
L_0x13be313a0 .part v0x13be30610_0, 3, 5;
L_0x13be31440 .concat [ 5 3 0 0], L_0x13be313a0, L_0x13be31300;
S_0x13be2f920 .scope module, "ir1" "circular_right_shift_of_N_by_S_by_ORing_the_results_of_shift_operations" 3 15, 4 39 0, S_0x13be0cc40;
 .timescale 0 0;
    .port_info 0 /INPUT 8 "a";
    .port_info 1 /OUTPUT 8 "res";
P_0x13be2fae0 .param/l "N" 0 4 40, +C4<00000000000000000000000000001000>;
P_0x13be2fb20 .param/l "S" 0 4 40, +C4<00000000000000000000000000000011>;
L_0x13be319a0 .functor OR 8, L_0x13be31640, L_0x13be31840, C4<00000000>, C4<00000000>;
v0x13be2fcb0_0 .net *"_ivl_0", 7 0, L_0x13be31640;  1 drivers
L_0x1400780e8 .functor BUFT 1, C4<000>, C4<0>, C4<0>, C4<0>;
v0x13be2fd70_0 .net *"_ivl_10", 2 0, L_0x1400780e8;  1 drivers
v0x13be2fe10_0 .net *"_ivl_2", 2 0, L_0x13be315a0;  1 drivers
L_0x1400780a0 .functor BUFT 1, C4<00000>, C4<0>, C4<0>, C4<0>;
v0x13be2fea0_0 .net *"_ivl_4", 4 0, L_0x1400780a0;  1 drivers
v0x13be2ff30_0 .net *"_ivl_6", 7 0, L_0x13be31840;  1 drivers
v0x13be30000_0 .net *"_ivl_8", 4 0, L_0x13be31780;  1 drivers
v0x13be300b0_0 .net "a", 7 0, v0x13be30610_0;  alias, 1 drivers
v0x13be30150_0 .net "res", 7 0, L_0x13be319a0;  alias, 1 drivers
L_0x13be315a0 .part v0x13be30610_0, 0, 3;
L_0x13be31640 .concat [ 5 3 0 0], L_0x1400780a0, L_0x13be315a0;
L_0x13be31780 .part v0x13be30610_0, 3, 5;
L_0x13be31840 .concat [ 5 3 0 0], L_0x13be31780, L_0x1400780e8;
S_0x13be30230 .scope task, "test" "test" 3 17, 3 17 0, S_0x13be0cc40;
 .timescale 0 0;
v0x13be30430_0 .var "t_a", 7 0;
v0x13be304c0_0 .var "t_resl", 7 0;
v0x13be30560_0 .var "t_resr", 7 0;
TD_testbench.test ;
    %load/vec4 v0x13be30430_0;
    %store/vec4 v0x13be30610_0, 0, 8;
    %delay 1, 0;
    %vpi_call/w 3 23 "$display", "TEST %b << %b %b (EXP %b) >> %b %b (EXP %b)", v0x13be30610_0, v0x13be30740_0, v0x13be307e0_0, v0x13be304c0_0, v0x13be30890_0, v0x13be30940_0, v0x13be30560_0 {0 0 0};
    %load/vec4 v0x13be30740_0;
    %load/vec4 v0x13be304c0_0;
    %cmp/e;
    %flag_get/vec4 6;
    %jmp/0 T_0.4, 6;
    %load/vec4 v0x13be307e0_0;
    %load/vec4 v0x13be304c0_0;
    %cmp/e;
    %flag_get/vec4 6;
    %and;
T_0.4;
    %flag_set/vec4 10;
    %flag_get/vec4 10;
    %jmp/0 T_0.3, 10;
    %load/vec4 v0x13be30890_0;
    %load/vec4 v0x13be30560_0;
    %cmp/e;
    %flag_get/vec4 6;
    %and;
T_0.3;
    %flag_set/vec4 9;
    %flag_get/vec4 9;
    %jmp/0 T_0.2, 9;
    %load/vec4 v0x13be30940_0;
    %load/vec4 v0x13be30560_0;
    %cmp/e;
    %flag_get/vec4 6;
    %and;
T_0.2;
    %nor/r;
    %flag_set/vec4 8;
    %jmp/0xz  T_0.0, 8;
    %vpi_call/w 3 29 "$display", "FAIL %s - see above", "testbench.sv" {0 0 0};
    %vpi_call/w 3 30 "$finish" {0 0 0};
T_0.0 ;
    %end;
    .scope S_0x13be0cc40;
T_1 ;
    %pushi/vec4 0, 0, 8;
    %store/vec4 v0x13be30430_0, 0, 8;
    %pushi/vec4 0, 0, 8;
    %store/vec4 v0x13be304c0_0, 0, 8;
    %pushi/vec4 0, 0, 8;
    %store/vec4 v0x13be30560_0, 0, 8;
    %fork TD_testbench.test, S_0x13be30230;
    %join;
    %pushi/vec4 128, 0, 8;
    %store/vec4 v0x13be30430_0, 0, 8;
    %pushi/vec4 4, 0, 8;
    %store/vec4 v0x13be304c0_0, 0, 8;
    %pushi/vec4 16, 0, 8;
    %store/vec4 v0x13be30560_0, 0, 8;
    %fork TD_testbench.test, S_0x13be30230;
    %join;
    %pushi/vec4 64, 0, 8;
    %store/vec4 v0x13be30430_0, 0, 8;
    %pushi/vec4 2, 0, 8;
    %store/vec4 v0x13be304c0_0, 0, 8;
    %pushi/vec4 8, 0, 8;
    %store/vec4 v0x13be30560_0, 0, 8;
    %fork TD_testbench.test, S_0x13be30230;
    %join;
    %pushi/vec4 32, 0, 8;
    %store/vec4 v0x13be30430_0, 0, 8;
    %pushi/vec4 1, 0, 8;
    %store/vec4 v0x13be304c0_0, 0, 8;
    %pushi/vec4 4, 0, 8;
    %store/vec4 v0x13be30560_0, 0, 8;
    %fork TD_testbench.test, S_0x13be30230;
    %join;
    %pushi/vec4 16, 0, 8;
    %store/vec4 v0x13be30430_0, 0, 8;
    %pushi/vec4 128, 0, 8;
    %store/vec4 v0x13be304c0_0, 0, 8;
    %pushi/vec4 2, 0, 8;
    %store/vec4 v0x13be30560_0, 0, 8;
    %fork TD_testbench.test, S_0x13be30230;
    %join;
    %pushi/vec4 8, 0, 8;
    %store/vec4 v0x13be30430_0, 0, 8;
    %pushi/vec4 64, 0, 8;
    %store/vec4 v0x13be304c0_0, 0, 8;
    %pushi/vec4 1, 0, 8;
    %store/vec4 v0x13be30560_0, 0, 8;
    %fork TD_testbench.test, S_0x13be30230;
    %join;
    %pushi/vec4 4, 0, 8;
    %store/vec4 v0x13be30430_0, 0, 8;
    %pushi/vec4 32, 0, 8;
    %store/vec4 v0x13be304c0_0, 0, 8;
    %pushi/vec4 128, 0, 8;
    %store/vec4 v0x13be30560_0, 0, 8;
    %fork TD_testbench.test, S_0x13be30230;
    %join;
    %pushi/vec4 2, 0, 8;
    %store/vec4 v0x13be30430_0, 0, 8;
    %pushi/vec4 16, 0, 8;
    %store/vec4 v0x13be304c0_0, 0, 8;
    %pushi/vec4 64, 0, 8;
    %store/vec4 v0x13be30560_0, 0, 8;
    %fork TD_testbench.test, S_0x13be30230;
    %join;
    %pushi/vec4 1, 0, 8;
    %store/vec4 v0x13be30430_0, 0, 8;
    %pushi/vec4 8, 0, 8;
    %store/vec4 v0x13be304c0_0, 0, 8;
    %pushi/vec4 32, 0, 8;
    %store/vec4 v0x13be30560_0, 0, 8;
    %fork TD_testbench.test, S_0x13be30230;
    %join;
    %pushi/vec4 255, 0, 8;
    %store/vec4 v0x13be30430_0, 0, 8;
    %pushi/vec4 255, 0, 8;
    %store/vec4 v0x13be304c0_0, 0, 8;
    %pushi/vec4 255, 0, 8;
    %store/vec4 v0x13be30560_0, 0, 8;
    %fork TD_testbench.test, S_0x13be30230;
    %join;
    %pushi/vec4 181, 0, 8;
    %store/vec4 v0x13be30430_0, 0, 8;
    %pushi/vec4 173, 0, 8;
    %store/vec4 v0x13be304c0_0, 0, 8;
    %pushi/vec4 182, 0, 8;
    %store/vec4 v0x13be30560_0, 0, 8;
    %fork TD_testbench.test, S_0x13be30230;
    %join;
    %pushi/vec4 112, 0, 8;
    %store/vec4 v0x13be30430_0, 0, 8;
    %pushi/vec4 131, 0, 8;
    %store/vec4 v0x13be304c0_0, 0, 8;
    %pushi/vec4 14, 0, 8;
    %store/vec4 v0x13be30560_0, 0, 8;
    %fork TD_testbench.test, S_0x13be30230;
    %join;
    %pushi/vec4 38, 0, 8;
    %store/vec4 v0x13be30430_0, 0, 8;
    %pushi/vec4 49, 0, 8;
    %store/vec4 v0x13be304c0_0, 0, 8;
    %pushi/vec4 196, 0, 8;
    %store/vec4 v0x13be30560_0, 0, 8;
    %fork TD_testbench.test, S_0x13be30230;
    %join;
    %pushi/vec4 224, 0, 8;
    %store/vec4 v0x13be30430_0, 0, 8;
    %pushi/vec4 7, 0, 8;
    %store/vec4 v0x13be304c0_0, 0, 8;
    %pushi/vec4 28, 0, 8;
    %store/vec4 v0x13be30560_0, 0, 8;
    %fork TD_testbench.test, S_0x13be30230;
    %join;
    %pushi/vec4 108, 0, 8;
    %store/vec4 v0x13be30430_0, 0, 8;
    %pushi/vec4 99, 0, 8;
    %store/vec4 v0x13be304c0_0, 0, 8;
    %pushi/vec4 141, 0, 8;
    %store/vec4 v0x13be30560_0, 0, 8;
    %fork TD_testbench.test, S_0x13be30230;
    %join;
    %pushi/vec4 209, 0, 8;
    %store/vec4 v0x13be30430_0, 0, 8;
    %pushi/vec4 142, 0, 8;
    %store/vec4 v0x13be304c0_0, 0, 8;
    %pushi/vec4 58, 0, 8;
    %store/vec4 v0x13be30560_0, 0, 8;
    %fork TD_testbench.test, S_0x13be30230;
    %join;
    %pushi/vec4 195, 0, 8;
    %store/vec4 v0x13be30430_0, 0, 8;
    %pushi/vec4 30, 0, 8;
    %store/vec4 v0x13be304c0_0, 0, 8;
    %pushi/vec4 120, 0, 8;
    %store/vec4 v0x13be30560_0, 0, 8;
    %fork TD_testbench.test, S_0x13be30230;
    %join;
    %pushi/vec4 52, 0, 8;
    %store/vec4 v0x13be30430_0, 0, 8;
    %pushi/vec4 161, 0, 8;
    %store/vec4 v0x13be304c0_0, 0, 8;
    %pushi/vec4 134, 0, 8;
    %store/vec4 v0x13be30560_0, 0, 8;
    %fork TD_testbench.test, S_0x13be30230;
    %join;
    %pushi/vec4 240, 0, 8;
    %store/vec4 v0x13be30430_0, 0, 8;
    %pushi/vec4 135, 0, 8;
    %store/vec4 v0x13be304c0_0, 0, 8;
    %pushi/vec4 30, 0, 8;
    %store/vec4 v0x13be30560_0, 0, 8;
    %fork TD_testbench.test, S_0x13be30230;
    %join;
    %pushi/vec4 102, 0, 8;
    %store/vec4 v0x13be30430_0, 0, 8;
    %pushi/vec4 51, 0, 8;
    %store/vec4 v0x13be304c0_0, 0, 8;
    %pushi/vec4 204, 0, 8;
    %store/vec4 v0x13be30560_0, 0, 8;
    %fork TD_testbench.test, S_0x13be30230;
    %join;
    %vpi_call/w 3 58 "$display", "PASS %s", "testbench.sv" {0 0 0};
    %vpi_call/w 3 59 "$finish" {0 0 0};
    %end;
    .thread T_1;
# The file index is used to find the file name in the following table.
:file_names 5;
    "N/A";
    "<interactive>";
    "-";
    "testbench.sv";
    "04_05_circular_shifts.sv";
