#! /opt/homebrew/Cellar/icarus-verilog/12.0/bin/vvp
:ivl_version "12.0 (stable)";
:ivl_delay_selection "TYPICAL";
:vpi_time_precision + 0;
:vpi_module "/opt/homebrew/Cellar/icarus-verilog/12.0/lib/ivl/system.vpi";
:vpi_module "/opt/homebrew/Cellar/icarus-verilog/12.0/lib/ivl/vhdl_sys.vpi";
:vpi_module "/opt/homebrew/Cellar/icarus-verilog/12.0/lib/ivl/vhdl_textio.vpi";
:vpi_module "/opt/homebrew/Cellar/icarus-verilog/12.0/lib/ivl/v2005_math.vpi";
:vpi_module "/opt/homebrew/Cellar/icarus-verilog/12.0/lib/ivl/va_math.vpi";
:vpi_module "/opt/homebrew/Cellar/icarus-verilog/12.0/lib/ivl/v2009.vpi";
S_0x15bf08f00 .scope package, "$unit" "$unit" 2 1;
 .timescale 0 0;
S_0x15bf09070 .scope module, "add" "add" 3 5;
 .timescale 0 0;
    .port_info 0 /INPUT 4 "a";
    .port_info 1 /INPUT 4 "b";
    .port_info 2 /OUTPUT 4 "sum";
o0x160040010 .functor BUFZ 4, C4<zzzz>; HiZ drive
v0x15bf12a90_0 .net "a", 3 0, o0x160040010;  0 drivers
o0x160040040 .functor BUFZ 4, C4<zzzz>; HiZ drive
v0x15bf31080_0 .net "b", 3 0, o0x160040040;  0 drivers
v0x15bf31120_0 .net "sum", 3 0, L_0x15bf32d80;  1 drivers
L_0x15bf32d80 .arith/sum 4, o0x160040010, o0x160040040;
S_0x15bf06aa0 .scope module, "testbench" "testbench" 4 1;
 .timescale 0 0;
v0x15bf32b30_0 .var/s "a", 3 0;
v0x15bf32c00_0 .var/s "b", 3 0;
v0x15bf32cb0_0 .net/s "sum", 3 0, L_0x15bf341f0;  1 drivers
S_0x15bf31220 .scope module, "inst" "signed_add_with_saturation" 4 5, 3 19 0, S_0x15bf06aa0;
 .timescale 0 0;
    .port_info 0 /INPUT 4 "a";
    .port_info 1 /INPUT 4 "b";
    .port_info 2 /OUTPUT 4 "sum";
L_0x15bf330c0 .functor NOT 1, L_0x15bf32fe0, C4<0>, C4<0>, C4<0>;
L_0x15bf33210 .functor AND 1, L_0x15bf330c0, L_0x15bf33170, C4<1>, C4<1>;
L_0x15bf333c0 .functor AND 1, L_0x15bf33210, L_0x15bf33320, C4<1>, C4<1>;
L_0x15bf336c0 .functor NOT 1, L_0x15bf335a0, C4<0>, C4<0>, C4<0>;
L_0x15bf33750 .functor AND 1, L_0x15bf334d0, L_0x15bf336c0, C4<1>, C4<1>;
L_0x15bf339b0 .functor NOT 1, L_0x15bf33890, C4<0>, C4<0>, C4<0>;
L_0x15bf33a60 .functor AND 1, L_0x15bf33750, L_0x15bf339b0, C4<1>, C4<1>;
L_0x15bf33b90 .functor OR 1, L_0x15bf333c0, L_0x15bf33a60, C4<0>, C4<0>;
L_0x15bf33c80 .functor NOT 1, L_0x15bf33b90, C4<0>, C4<0>, C4<0>;
L_0x15bf33e20 .functor AND 1, L_0x15bf33b90, L_0x15bf33d80, C4<1>, C4<1>;
L_0x15bf33f80 .functor AND 1, L_0x15bf33e20, L_0x15bf33e90, C4<1>, C4<1>;
v0x15bf31440_0 .net *"_ivl_11", 0 0, L_0x15bf33320;  1 drivers
v0x15bf31500_0 .net *"_ivl_12", 0 0, L_0x15bf333c0;  1 drivers
v0x15bf315b0_0 .net *"_ivl_15", 0 0, L_0x15bf334d0;  1 drivers
v0x15bf31670_0 .net *"_ivl_17", 0 0, L_0x15bf335a0;  1 drivers
v0x15bf31720_0 .net *"_ivl_18", 0 0, L_0x15bf336c0;  1 drivers
v0x15bf31810_0 .net *"_ivl_20", 0 0, L_0x15bf33750;  1 drivers
v0x15bf318c0_0 .net *"_ivl_23", 0 0, L_0x15bf33890;  1 drivers
v0x15bf31970_0 .net *"_ivl_24", 0 0, L_0x15bf339b0;  1 drivers
v0x15bf31a20_0 .net *"_ivl_26", 0 0, L_0x15bf33a60;  1 drivers
v0x15bf31b30_0 .net *"_ivl_3", 0 0, L_0x15bf32fe0;  1 drivers
v0x15bf31be0_0 .net *"_ivl_30", 0 0, L_0x15bf33c80;  1 drivers
v0x15bf31c90_0 .net *"_ivl_33", 0 0, L_0x15bf33d80;  1 drivers
v0x15bf31d40_0 .net *"_ivl_34", 0 0, L_0x15bf33e20;  1 drivers
v0x15bf31df0_0 .net *"_ivl_37", 0 0, L_0x15bf33e90;  1 drivers
v0x15bf31ea0_0 .net *"_ivl_38", 0 0, L_0x15bf33f80;  1 drivers
v0x15bf31f50_0 .net *"_ivl_4", 0 0, L_0x15bf330c0;  1 drivers
L_0x160078010 .functor BUFT 1, C4<1000>, C4<0>, C4<0>, C4<0>;
v0x15bf32000_0 .net/2u *"_ivl_40", 3 0, L_0x160078010;  1 drivers
L_0x160078058 .functor BUFT 1, C4<0111>, C4<0>, C4<0>, C4<0>;
v0x15bf32190_0 .net/2u *"_ivl_42", 3 0, L_0x160078058;  1 drivers
v0x15bf32220_0 .net *"_ivl_44", 3 0, L_0x15bf34090;  1 drivers
v0x15bf322d0_0 .net *"_ivl_7", 0 0, L_0x15bf33170;  1 drivers
v0x15bf32380_0 .net *"_ivl_8", 0 0, L_0x15bf33210;  1 drivers
v0x15bf32430_0 .net "a", 3 0, v0x15bf32b30_0;  1 drivers
v0x15bf324e0_0 .net "b", 3 0, v0x15bf32c00_0;  1 drivers
v0x15bf32590_0 .net "overflow", 0 0, L_0x15bf33b90;  1 drivers
v0x15bf32630_0 .net "pre_sum", 3 0, L_0x15bf32ea0;  1 drivers
v0x15bf326e0_0 .net "sum", 3 0, L_0x15bf341f0;  alias, 1 drivers
L_0x15bf32ea0 .arith/sum 4, v0x15bf32b30_0, v0x15bf32c00_0;
L_0x15bf32fe0 .part L_0x15bf32ea0, 3, 1;
L_0x15bf33170 .part v0x15bf32b30_0, 3, 1;
L_0x15bf33320 .part v0x15bf32c00_0, 3, 1;
L_0x15bf334d0 .part L_0x15bf32ea0, 3, 1;
L_0x15bf335a0 .part v0x15bf32b30_0, 3, 1;
L_0x15bf33890 .part v0x15bf32c00_0, 3, 1;
L_0x15bf33d80 .part v0x15bf32b30_0, 3, 1;
L_0x15bf33e90 .part v0x15bf32c00_0, 3, 1;
L_0x15bf34090 .functor MUXZ 4, L_0x160078058, L_0x160078010, L_0x15bf33f80, C4<>;
L_0x15bf341f0 .functor MUXZ 4, L_0x15bf34090, L_0x15bf32ea0, L_0x15bf33c80, C4<>;
S_0x15bf327e0 .scope task, "test" "test" 4 8, 4 8 0, S_0x15bf06aa0;
 .timescale 0 0;
v0x15bf32950_0 .var "t_a", 3 0;
v0x15bf329e0_0 .var "t_b", 3 0;
v0x15bf32a70_0 .var "t_sum", 3 0;
TD_testbench.test ;
    %load/vec4 v0x15bf32950_0;
    %load/vec4 v0x15bf329e0_0;
    %concat/vec4; draw_concat_vec4
    %split/vec4 4;
    %store/vec4 v0x15bf32c00_0, 0, 4;
    %store/vec4 v0x15bf32b30_0, 0, 4;
    %delay 1, 0;
    %vpi_call/w 4 17 "$display", "TEST %d + %d = %d", v0x15bf32b30_0, v0x15bf32c00_0, v0x15bf32cb0_0 {0 0 0};
    %load/vec4 v0x15bf32cb0_0;
    %load/vec4 v0x15bf32a70_0;
    %cmp/ne;
    %jmp/0xz  T_0.0, 6;
    %vpi_call/w 4 21 "$display", "FAIL %s: %d EXPECTED", "testbench.sv", v0x15bf32a70_0 {0 0 0};
    %vpi_call/w 4 22 "$finish" {0 0 0};
T_0.0 ;
    %end;
    .scope S_0x15bf06aa0;
T_1 ;
    %pushi/vec4 0, 0, 4;
    %store/vec4 v0x15bf32950_0, 0, 4;
    %pushi/vec4 0, 0, 4;
    %store/vec4 v0x15bf329e0_0, 0, 4;
    %pushi/vec4 0, 0, 4;
    %store/vec4 v0x15bf32a70_0, 0, 4;
    %fork TD_testbench.test, S_0x15bf327e0;
    %join;
    %pushi/vec4 1, 0, 4;
    %store/vec4 v0x15bf32950_0, 0, 4;
    %pushi/vec4 2, 0, 4;
    %store/vec4 v0x15bf329e0_0, 0, 4;
    %pushi/vec4 3, 0, 4;
    %store/vec4 v0x15bf32a70_0, 0, 4;
    %fork TD_testbench.test, S_0x15bf327e0;
    %join;
    %pushi/vec4 1, 0, 4;
    %store/vec4 v0x15bf32950_0, 0, 4;
    %pushi/vec4 14, 0, 4;
    %store/vec4 v0x15bf329e0_0, 0, 4;
    %pushi/vec4 15, 0, 4;
    %store/vec4 v0x15bf32a70_0, 0, 4;
    %fork TD_testbench.test, S_0x15bf327e0;
    %join;
    %pushi/vec4 15, 0, 4;
    %store/vec4 v0x15bf32950_0, 0, 4;
    %pushi/vec4 2, 0, 4;
    %store/vec4 v0x15bf329e0_0, 0, 4;
    %pushi/vec4 1, 0, 4;
    %store/vec4 v0x15bf32a70_0, 0, 4;
    %fork TD_testbench.test, S_0x15bf327e0;
    %join;
    %pushi/vec4 15, 0, 4;
    %store/vec4 v0x15bf32950_0, 0, 4;
    %pushi/vec4 14, 0, 4;
    %store/vec4 v0x15bf329e0_0, 0, 4;
    %pushi/vec4 13, 0, 4;
    %store/vec4 v0x15bf32a70_0, 0, 4;
    %fork TD_testbench.test, S_0x15bf327e0;
    %join;
    %pushi/vec4 4, 0, 4;
    %store/vec4 v0x15bf32950_0, 0, 4;
    %pushi/vec4 7, 0, 4;
    %store/vec4 v0x15bf329e0_0, 0, 4;
    %pushi/vec4 7, 0, 4;
    %store/vec4 v0x15bf32a70_0, 0, 4;
    %fork TD_testbench.test, S_0x15bf327e0;
    %join;
    %pushi/vec4 4, 0, 4;
    %store/vec4 v0x15bf32950_0, 0, 4;
    %pushi/vec4 9, 0, 4;
    %store/vec4 v0x15bf329e0_0, 0, 4;
    %pushi/vec4 13, 0, 4;
    %store/vec4 v0x15bf32a70_0, 0, 4;
    %fork TD_testbench.test, S_0x15bf327e0;
    %join;
    %pushi/vec4 12, 0, 4;
    %store/vec4 v0x15bf32950_0, 0, 4;
    %pushi/vec4 7, 0, 4;
    %store/vec4 v0x15bf329e0_0, 0, 4;
    %pushi/vec4 3, 0, 4;
    %store/vec4 v0x15bf32a70_0, 0, 4;
    %fork TD_testbench.test, S_0x15bf327e0;
    %join;
    %pushi/vec4 12, 0, 4;
    %store/vec4 v0x15bf32950_0, 0, 4;
    %pushi/vec4 9, 0, 4;
    %store/vec4 v0x15bf329e0_0, 0, 4;
    %pushi/vec4 8, 0, 4;
    %store/vec4 v0x15bf32a70_0, 0, 4;
    %fork TD_testbench.test, S_0x15bf327e0;
    %join;
    %pushi/vec4 3, 0, 4;
    %store/vec4 v0x15bf32950_0, 0, 4;
    %pushi/vec4 5, 0, 4;
    %store/vec4 v0x15bf329e0_0, 0, 4;
    %pushi/vec4 7, 0, 4;
    %store/vec4 v0x15bf32a70_0, 0, 4;
    %fork TD_testbench.test, S_0x15bf327e0;
    %join;
    %pushi/vec4 3, 0, 4;
    %store/vec4 v0x15bf32950_0, 0, 4;
    %pushi/vec4 11, 0, 4;
    %store/vec4 v0x15bf329e0_0, 0, 4;
    %pushi/vec4 14, 0, 4;
    %store/vec4 v0x15bf32a70_0, 0, 4;
    %fork TD_testbench.test, S_0x15bf327e0;
    %join;
    %pushi/vec4 13, 0, 4;
    %store/vec4 v0x15bf32950_0, 0, 4;
    %pushi/vec4 5, 0, 4;
    %store/vec4 v0x15bf329e0_0, 0, 4;
    %pushi/vec4 2, 0, 4;
    %store/vec4 v0x15bf32a70_0, 0, 4;
    %fork TD_testbench.test, S_0x15bf327e0;
    %join;
    %pushi/vec4 13, 0, 4;
    %store/vec4 v0x15bf32950_0, 0, 4;
    %pushi/vec4 11, 0, 4;
    %store/vec4 v0x15bf329e0_0, 0, 4;
    %pushi/vec4 8, 0, 4;
    %store/vec4 v0x15bf32a70_0, 0, 4;
    %fork TD_testbench.test, S_0x15bf327e0;
    %join;
    %pushi/vec4 3, 0, 4;
    %store/vec4 v0x15bf32950_0, 0, 4;
    %pushi/vec4 6, 0, 4;
    %store/vec4 v0x15bf329e0_0, 0, 4;
    %pushi/vec4 7, 0, 4;
    %store/vec4 v0x15bf32a70_0, 0, 4;
    %fork TD_testbench.test, S_0x15bf327e0;
    %join;
    %pushi/vec4 3, 0, 4;
    %store/vec4 v0x15bf32950_0, 0, 4;
    %pushi/vec4 10, 0, 4;
    %store/vec4 v0x15bf329e0_0, 0, 4;
    %pushi/vec4 13, 0, 4;
    %store/vec4 v0x15bf32a70_0, 0, 4;
    %fork TD_testbench.test, S_0x15bf327e0;
    %join;
    %pushi/vec4 13, 0, 4;
    %store/vec4 v0x15bf32950_0, 0, 4;
    %pushi/vec4 6, 0, 4;
    %store/vec4 v0x15bf329e0_0, 0, 4;
    %pushi/vec4 3, 0, 4;
    %store/vec4 v0x15bf32a70_0, 0, 4;
    %fork TD_testbench.test, S_0x15bf327e0;
    %join;
    %pushi/vec4 13, 0, 4;
    %store/vec4 v0x15bf32950_0, 0, 4;
    %pushi/vec4 10, 0, 4;
    %store/vec4 v0x15bf329e0_0, 0, 4;
    %pushi/vec4 8, 0, 4;
    %store/vec4 v0x15bf32a70_0, 0, 4;
    %fork TD_testbench.test, S_0x15bf327e0;
    %join;
    %pushi/vec4 2, 0, 4;
    %store/vec4 v0x15bf32950_0, 0, 4;
    %pushi/vec4 1, 0, 4;
    %store/vec4 v0x15bf329e0_0, 0, 4;
    %pushi/vec4 3, 0, 4;
    %store/vec4 v0x15bf32a70_0, 0, 4;
    %fork TD_testbench.test, S_0x15bf327e0;
    %join;
    %pushi/vec4 14, 0, 4;
    %store/vec4 v0x15bf32950_0, 0, 4;
    %pushi/vec4 1, 0, 4;
    %store/vec4 v0x15bf329e0_0, 0, 4;
    %pushi/vec4 15, 0, 4;
    %store/vec4 v0x15bf32a70_0, 0, 4;
    %fork TD_testbench.test, S_0x15bf327e0;
    %join;
    %pushi/vec4 2, 0, 4;
    %store/vec4 v0x15bf32950_0, 0, 4;
    %pushi/vec4 15, 0, 4;
    %store/vec4 v0x15bf329e0_0, 0, 4;
    %pushi/vec4 1, 0, 4;
    %store/vec4 v0x15bf32a70_0, 0, 4;
    %fork TD_testbench.test, S_0x15bf327e0;
    %join;
    %pushi/vec4 14, 0, 4;
    %store/vec4 v0x15bf32950_0, 0, 4;
    %pushi/vec4 15, 0, 4;
    %store/vec4 v0x15bf329e0_0, 0, 4;
    %pushi/vec4 13, 0, 4;
    %store/vec4 v0x15bf32a70_0, 0, 4;
    %fork TD_testbench.test, S_0x15bf327e0;
    %join;
    %pushi/vec4 7, 0, 4;
    %store/vec4 v0x15bf32950_0, 0, 4;
    %pushi/vec4 4, 0, 4;
    %store/vec4 v0x15bf329e0_0, 0, 4;
    %pushi/vec4 7, 0, 4;
    %store/vec4 v0x15bf32a70_0, 0, 4;
    %fork TD_testbench.test, S_0x15bf327e0;
    %join;
    %pushi/vec4 9, 0, 4;
    %store/vec4 v0x15bf32950_0, 0, 4;
    %pushi/vec4 4, 0, 4;
    %store/vec4 v0x15bf329e0_0, 0, 4;
    %pushi/vec4 13, 0, 4;
    %store/vec4 v0x15bf32a70_0, 0, 4;
    %fork TD_testbench.test, S_0x15bf327e0;
    %join;
    %pushi/vec4 7, 0, 4;
    %store/vec4 v0x15bf32950_0, 0, 4;
    %pushi/vec4 12, 0, 4;
    %store/vec4 v0x15bf329e0_0, 0, 4;
    %pushi/vec4 3, 0, 4;
    %store/vec4 v0x15bf32a70_0, 0, 4;
    %fork TD_testbench.test, S_0x15bf327e0;
    %join;
    %pushi/vec4 9, 0, 4;
    %store/vec4 v0x15bf32950_0, 0, 4;
    %pushi/vec4 12, 0, 4;
    %store/vec4 v0x15bf329e0_0, 0, 4;
    %pushi/vec4 8, 0, 4;
    %store/vec4 v0x15bf32a70_0, 0, 4;
    %fork TD_testbench.test, S_0x15bf327e0;
    %join;
    %pushi/vec4 5, 0, 4;
    %store/vec4 v0x15bf32950_0, 0, 4;
    %pushi/vec4 3, 0, 4;
    %store/vec4 v0x15bf329e0_0, 0, 4;
    %pushi/vec4 7, 0, 4;
    %store/vec4 v0x15bf32a70_0, 0, 4;
    %fork TD_testbench.test, S_0x15bf327e0;
    %join;
    %pushi/vec4 11, 0, 4;
    %store/vec4 v0x15bf32950_0, 0, 4;
    %pushi/vec4 3, 0, 4;
    %store/vec4 v0x15bf329e0_0, 0, 4;
    %pushi/vec4 14, 0, 4;
    %store/vec4 v0x15bf32a70_0, 0, 4;
    %fork TD_testbench.test, S_0x15bf327e0;
    %join;
    %pushi/vec4 5, 0, 4;
    %store/vec4 v0x15bf32950_0, 0, 4;
    %pushi/vec4 13, 0, 4;
    %store/vec4 v0x15bf329e0_0, 0, 4;
    %pushi/vec4 2, 0, 4;
    %store/vec4 v0x15bf32a70_0, 0, 4;
    %fork TD_testbench.test, S_0x15bf327e0;
    %join;
    %pushi/vec4 11, 0, 4;
    %store/vec4 v0x15bf32950_0, 0, 4;
    %pushi/vec4 13, 0, 4;
    %store/vec4 v0x15bf329e0_0, 0, 4;
    %pushi/vec4 8, 0, 4;
    %store/vec4 v0x15bf32a70_0, 0, 4;
    %fork TD_testbench.test, S_0x15bf327e0;
    %join;
    %pushi/vec4 6, 0, 4;
    %store/vec4 v0x15bf32950_0, 0, 4;
    %pushi/vec4 3, 0, 4;
    %store/vec4 v0x15bf329e0_0, 0, 4;
    %pushi/vec4 7, 0, 4;
    %store/vec4 v0x15bf32a70_0, 0, 4;
    %fork TD_testbench.test, S_0x15bf327e0;
    %join;
    %pushi/vec4 10, 0, 4;
    %store/vec4 v0x15bf32950_0, 0, 4;
    %pushi/vec4 3, 0, 4;
    %store/vec4 v0x15bf329e0_0, 0, 4;
    %pushi/vec4 13, 0, 4;
    %store/vec4 v0x15bf32a70_0, 0, 4;
    %fork TD_testbench.test, S_0x15bf327e0;
    %join;
    %pushi/vec4 6, 0, 4;
    %store/vec4 v0x15bf32950_0, 0, 4;
    %pushi/vec4 13, 0, 4;
    %store/vec4 v0x15bf329e0_0, 0, 4;
    %pushi/vec4 3, 0, 4;
    %store/vec4 v0x15bf32a70_0, 0, 4;
    %fork TD_testbench.test, S_0x15bf327e0;
    %join;
    %pushi/vec4 10, 0, 4;
    %store/vec4 v0x15bf32950_0, 0, 4;
    %pushi/vec4 13, 0, 4;
    %store/vec4 v0x15bf329e0_0, 0, 4;
    %pushi/vec4 8, 0, 4;
    %store/vec4 v0x15bf32a70_0, 0, 4;
    %fork TD_testbench.test, S_0x15bf327e0;
    %join;
    %pushi/vec4 1, 0, 4;
    %store/vec4 v0x15bf32950_0, 0, 4;
    %pushi/vec4 1, 0, 4;
    %store/vec4 v0x15bf329e0_0, 0, 4;
    %pushi/vec4 2, 0, 4;
    %store/vec4 v0x15bf32a70_0, 0, 4;
    %fork TD_testbench.test, S_0x15bf327e0;
    %join;
    %pushi/vec4 1, 0, 4;
    %store/vec4 v0x15bf32950_0, 0, 4;
    %pushi/vec4 15, 0, 4;
    %store/vec4 v0x15bf329e0_0, 0, 4;
    %pushi/vec4 0, 0, 4;
    %store/vec4 v0x15bf32a70_0, 0, 4;
    %fork TD_testbench.test, S_0x15bf327e0;
    %join;
    %pushi/vec4 15, 0, 4;
    %store/vec4 v0x15bf32950_0, 0, 4;
    %pushi/vec4 1, 0, 4;
    %store/vec4 v0x15bf329e0_0, 0, 4;
    %pushi/vec4 0, 0, 4;
    %store/vec4 v0x15bf32a70_0, 0, 4;
    %fork TD_testbench.test, S_0x15bf327e0;
    %join;
    %pushi/vec4 15, 0, 4;
    %store/vec4 v0x15bf32950_0, 0, 4;
    %pushi/vec4 15, 0, 4;
    %store/vec4 v0x15bf329e0_0, 0, 4;
    %pushi/vec4 14, 0, 4;
    %store/vec4 v0x15bf32a70_0, 0, 4;
    %fork TD_testbench.test, S_0x15bf327e0;
    %join;
    %pushi/vec4 4, 0, 4;
    %store/vec4 v0x15bf32950_0, 0, 4;
    %pushi/vec4 4, 0, 4;
    %store/vec4 v0x15bf329e0_0, 0, 4;
    %pushi/vec4 7, 0, 4;
    %store/vec4 v0x15bf32a70_0, 0, 4;
    %fork TD_testbench.test, S_0x15bf327e0;
    %join;
    %pushi/vec4 4, 0, 4;
    %store/vec4 v0x15bf32950_0, 0, 4;
    %pushi/vec4 12, 0, 4;
    %store/vec4 v0x15bf329e0_0, 0, 4;
    %pushi/vec4 0, 0, 4;
    %store/vec4 v0x15bf32a70_0, 0, 4;
    %fork TD_testbench.test, S_0x15bf327e0;
    %join;
    %pushi/vec4 12, 0, 4;
    %store/vec4 v0x15bf32950_0, 0, 4;
    %pushi/vec4 4, 0, 4;
    %store/vec4 v0x15bf329e0_0, 0, 4;
    %pushi/vec4 0, 0, 4;
    %store/vec4 v0x15bf32a70_0, 0, 4;
    %fork TD_testbench.test, S_0x15bf327e0;
    %join;
    %pushi/vec4 12, 0, 4;
    %store/vec4 v0x15bf32950_0, 0, 4;
    %pushi/vec4 12, 0, 4;
    %store/vec4 v0x15bf329e0_0, 0, 4;
    %pushi/vec4 8, 0, 4;
    %store/vec4 v0x15bf32a70_0, 0, 4;
    %fork TD_testbench.test, S_0x15bf327e0;
    %join;
    %vpi_call/w 4 81 "$display", "PASS %s", "testbench.sv" {0 0 0};
    %vpi_call/w 4 82 "$finish" {0 0 0};
    %end;
    .thread T_1;
# The file index is used to find the file name in the following table.
:file_names 5;
    "N/A";
    "<interactive>";
    "-";
    "04_02_signed_add_with_saturation.sv";
    "testbench.sv";
